<?xml version="1.0" encoding="UTF-8"?>
<!-- Generated by org.testng.reporters.JUnitReportReporter -->
<testsuite hostname="DESKTOP-2186RH3" failures="0" tests="2" name="testClasses.RegisterPatientTest" time="63.279" errors="0" timestamp="2025-05-18T17:53:45 IST" skipped="0">
  <testcase classname="testClasses.RegisterPatientTest" name="addPatient" time="31.968"/>
  <system-out>
    <![CDATA[My Test Case got passed]]>
  </system-out>
  <testcase classname="testClasses.RegisterPatientTest" name="addPatient" time="31.311"/>
  <system-out>
    <![CDATA[My Test Case got passed]]>
  </system-out>
</testsuite> <!-- testClasses.RegisterPatientTest -->
