<?xml version="1.0" encoding="UTF-8"?>
<!-- Generated by org.testng.reporters.JUnitReportReporter -->
<testsuite hostname="DESKTOP-2186RH3" failures="0" tests="1" name="testClasses.LoginTest" time="13.702" errors="0" timestamp="2025-05-18T18:31:21 IST" skipped="0">
  <testcase classname="testClasses.LoginTest" name="executeLoginTest" time="13.702"/>
  <system-out>
    <![CDATA[My Test Case got passed]]>
  </system-out>
</testsuite> <!-- testClasses.LoginTest -->
