<?xml version="1.0" encoding="UTF-8"?>
<!-- Generated by org.testng.reporters.JUnitReportReporter -->
<testsuite hostname="LIN-CFQ53F3" failures="0" tests="2" name="testClasses.RegisterPatientTest" time="57.400" errors="0" timestamp="2025-05-09T17:31:08 IST" skipped="0">
  <testcase classname="testClasses.RegisterPatientTest" name="addPatient" time="29.475"/>
  <system-out>
    <![CDATA[My Test Case got passed]]>
  </system-out>
  <testcase classname="testClasses.RegisterPatientTest" name="addPatient" time="27.925"/>
  <system-out>
    <![CDATA[My Test Case got passed]]>
  </system-out>
</testsuite> <!-- testClasses.RegisterPatientTest -->
